<?xml version="1.0"?><coverage lines-covered="215" lines-valid="548" line-rate="0.39233576642335766" branches-covered="0" branches-valid="0" branch-rate="0" complexity="0" version="1.9" timestamp="1788912666"><sources><source>/home/runner/work/game-systems-web/game-systems-web</source></sources><packages><package name="src" line-rate="0.39233576642335766" branch-rate="0" complexity="0"><classes><class name="build_info" filename="src/build_info.rs" line-rate="1" branch-rate="0" complexity="0"><methods/><lines><line number="22" hits="18"/><line number="23" hits="36"/><line number="28" hits="6"/><line number="29" hits="12"/><line number="32" hits="6"/><line number="33" hits="12"/><line number="37" hits="6"/><line number="38" hits="6"/><line number="39" hits="24"/><line number="40" hits="24"/><line number="42" hits="6"/><line number="43" hits="12"/><line number="44" hits="12"/><line number="45" hits="12"/><line number="46" hits="12"/><line number="47" hits="6"/><line number="48" hits="6"/><line number="52" hits="18"/><line number="53" hits="6"/><line number="57" hits="9"/><line number="58" hits="9"/><line number="60" hits="9"/><line number="61" hits="18"/></lines></class><class name="config" filename="src/config.rs" line-rate="1" branch-rate="0" complexity="0"><methods/><lines><line number="31" hits="6"/><line number="33" hits="6"/><line number="37" hits="6"/><line number="39" hits="6"/><line number="41" hits="12"/><line number="42" hits="24"/><line number="43" hits="6"/><line number="46" hits="6"/><line number="50" hits="6"/><line number="54" hits="6"/><line number="57" hits="18"/><line number="58" hits="24"/></lines></class><class name="game_systems_client" filename="src/game_systems_client.rs" line-rate="0.7922077922077922" branch-rate="0" complexity="0"><methods/><lines><line number="79" hits="2"/><line number="80" hits="2"/><line number="82" hits="1"/><line number="83" hits="1"/><line number="84" hits="1"/><line number="85" hits="1"/><line number="87" hits="1"/><line number="92" hits="2"/><line number="93" hits="2"/><line number="100" hits="2"/><line number="102" hits="2"/><line number="160" hits="0"/><line number="161" hits="0"/><line number="162" hits="0"/><line number="163" hits="0"/><line number="164" hits="0"/><line number="165" hits="0"/><line number="181" hits="11"/><line number="182" hits="22"/><line number="183" hits="22"/><line number="187" hits="22"/><line number="192" hits="8"/><line number="193" hits="8"/><line number="197" hits="6"/><line number="198" hits="9"/><line number="199" hits="9"/><line number="200" hits="0"/><line number="202" hits="9"/><line number="203" hits="0"/><line number="205" hits="5"/><line number="206" hits="4"/><line number="208" hits="5"/><line number="209" hits="4"/><line number="211" hits="8"/><line number="212" hits="6"/><line number="213" hits="15"/><line number="214" hits="9"/><line number="216" hits="3"/><line number="217" hits="6"/><line number="218" hits="10"/><line number="219" hits="2"/><line number="223" hits="6"/><line number="224" hits="7"/><line number="225" hits="6"/><line number="226" hits="15"/><line number="228" hits="3"/><line number="229" hits="9"/><line number="230" hits="3"/><line number="234" hits="0"/><line number="235" hits="0"/><line number="236" hits="0"/><line number="237" hits="0"/><line number="239" hits="0"/><line number="240" hits="0"/><line number="241" hits="0"/><line number="247" hits="2"/><line number="252" hits="6"/><line number="253" hits="4"/><line number="254" hits="10"/><line number="255" hits="6"/><line number="256" hits="6"/><line number="258" hits="2"/><line number="259" hits="2"/><line number="260" hits="6"/><line number="263" hits="5"/><line number="267" hits="15"/><line number="268" hits="10"/><line number="269" hits="4"/><line number="270" hits="2"/><line number="271" hits="2"/><line number="272" hits="2"/><line number="274" hits="12"/><line number="275" hits="1"/><line number="276" hits="4"/><line number="278" hits="1"/><line number="280" hits="5"/><line number="281" hits="0"/></lines></class><class name="i18n" filename="src/i18n.rs" line-rate="0.18446601941747573" branch-rate="0" complexity="0"><methods/><lines><line number="22" hits="10"/><line number="24" hits="10"/><line number="29" hits="7"/><line number="30" hits="7"/><line number="33" hits="1"/><line number="34" hits="3"/><line number="39" hits="0"/><line number="40" hits="0"/><line number="45" hits="9"/><line number="46" hits="42"/><line number="47" hits="6"/><line number="48" hits="2"/><line number="51" hits="11"/><line number="52" hits="18"/><line number="53" hits="9"/><line number="54" hits="15"/><line number="55" hits="9"/><line number="56" hits="4"/><line number="60" hits="6"/><line number="63" hits="0"/><line number="64" hits="0"/><line number="66" hits="0"/><line number="67" hits="0"/><line number="69" hits="0"/><line number="70" hits="0"/><line number="72" hits="0"/><line number="73" hits="0"/><line number="75" hits="0"/><line number="76" hits="0"/><line number="78" hits="0"/><line number="79" hits="0"/><line number="81" hits="0"/><line number="82" hits="0"/><line number="84" hits="0"/><line number="85" hits="0"/><line number="87" hits="0"/><line number="88" hits="0"/><line number="90" hits="0"/><line number="91" hits="0"/><line number="93" hits="0"/><line number="94" hits="0"/><line number="96" hits="0"/><line number="97" hits="0"/><line number="99" hits="0"/><line number="100" hits="0"/><line number="102" hits="0"/><line number="103" hits="0"/><line number="105" hits="0"/><line number="106" hits="0"/><line number="108" hits="1"/><line number="109" hits="3"/><line number="111" hits="0"/><line number="112" hits="0"/><line number="114" hits="0"/><line number="115" hits="0"/><line number="117" hits="0"/><line number="118" hits="0"/><line number="120" hits="0"/><line number="121" hits="0"/><line number="123" hits="0"/><line number="124" hits="0"/><line number="126" hits="0"/><line number="127" hits="0"/><line number="129" hits="0"/><line number="130" hits="0"/><line number="132" hits="0"/><line number="133" hits="0"/><line number="135" hits="0"/><line number="136" hits="0"/><line number="138" hits="0"/><line number="139" hits="0"/><line number="141" hits="0"/><line number="142" hits="0"/><line number="144" hits="0"/><line number="145" hits="0"/><line number="147" hits="0"/><line number="148" hits="0"/><line number="150" hits="0"/><line number="151" hits="0"/><line number="153" hits="0"/><line number="154" hits="0"/><line number="156" hits="0"/><line number="157" hits="0"/><line number="159" hits="0"/><line number="160" hits="0"/><line number="162" hits="0"/><line number="163" hits="0"/><line number="165" hits="0"/><line number="166" hits="0"/><line number="168" hits="0"/><line number="169" hits="0"/><line number="171" hits="0"/><line number="172" hits="0"/><line number="174" hits="0"/><line number="175" hits="0"/><line number="177" hits="0"/><line number="178" hits="0"/><line number="180" hits="0"/><line number="181" hits="0"/><line number="183" hits="0"/><line number="184" hits="0"/><line number="186" hits="0"/><line number="187" hits="0"/></lines></class><class name="main" filename="src/main.rs" line-rate="0" branch-rate="0" complexity="0"><methods/><lines><line number="9" hits="0"/><line number="31" hits="0"/><line number="32" hits="0"/><line number="33" hits="0"/><line number="35" hits="0"/><line number="36" hits="0"/><line number="37" hits="0"/><line number="38" hits="0"/><line number="46" hits="0"/><line number="47" hits="0"/><line number="48" hits="0"/><line number="49" hits="0"/><line number="51" hits="0"/><line number="52" hits="0"/><line number="54" hits="0"/><line number="55" hits="0"/><line number="56" hits="0"/><line number="57" hits="0"/><line number="58" hits="0"/><line number="61" hits="0"/><line number="63" hits="0"/><line number="64" hits="0"/><line number="65" hits="0"/><line number="66" hits="0"/><line number="67" hits="0"/><line number="68" hits="0"/><line number="69" hits="0"/><line number="70" hits="0"/><line number="72" hits="0"/><line number="73" hits="0"/><line number="74" hits="0"/><line number="76" hits="0"/><line number="77" hits="0"/><line number="78" hits="0"/><line number="81" hits="0"/><line number="82" hits="0"/><line number="86" hits="0"/><line number="87" hits="0"/><line number="88" hits="0"/><line number="90" hits="0"/></lines></class><class name="session_client" filename="src/session_client.rs" line-rate="0.45098039215686275" branch-rate="0" complexity="0"><methods/><lines><line number="69" hits="20"/><line number="70" hits="13"/><line number="71" hits="7"/><line number="72" hits="7"/><line number="73" hits="14"/><line number="74" hits="7"/><line number="78" hits="6"/><line number="80" hits="4"/><line number="82" hits="6"/><line number="83" hits="6"/><line number="84" hits="6"/><line number="85" hits="0"/><line number="86" hits="0"/><line number="87" hits="0"/><line number="92" hits="3"/><line number="98" hits="10"/><line number="99" hits="15"/><line number="100" hits="8"/><line number="101" hits="0"/><line number="107" hits="16"/><line number="108" hits="0"/><line number="109" hits="0"/><line number="110" hits="0"/><line number="112" hits="4"/><line number="113" hits="4"/><line number="114" hits="4"/><line number="122" hits="10"/><line number="123" hits="15"/><line number="127" hits="0"/><line number="128" hits="0"/><line number="129" hits="0"/><line number="130" hits="0"/><line number="131" hits="0"/><line number="132" hits="0"/><line number="135" hits="0"/><line number="137" hits="0"/><line number="138" hits="0"/><line number="139" hits="0"/><line number="140" hits="0"/><line number="141" hits="0"/><line number="144" hits="0"/><line number="145" hits="0"/><line number="146" hits="0"/><line number="147" hits="0"/><line number="148" hits="0"/><line number="149" hits="0"/><line number="152" hits="0"/><line number="153" hits="0"/><line number="155" hits="0"/><line number="162" hits="4"/><line number="163" hits="4"/></lines></class><class name="telemetry" filename="src/telemetry.rs" line-rate="0" branch-rate="0" complexity="0"><methods/><lines><line number="16" hits="0"/><line number="22" hits="0"/><line number="23" hits="0"/><line number="25" hits="0"/><line number="26" hits="0"/><line number="27" hits="0"/><line number="28" hits="0"/><line number="29" hits="0"/><line number="30" hits="0"/><line number="32" hits="0"/><line number="33" hits="0"/><line number="34" hits="0"/><line number="37" hits="0"/><line number="38" hits="0"/><line number="39" hits="0"/><line number="47" hits="0"/><line number="53" hits="0"/><line number="54" hits="0"/><line number="55" hits="0"/><line number="56" hits="0"/><line number="57" hits="0"/><line number="60" hits="0"/><line number="61" hits="0"/><line number="62" hits="0"/><line number="63" hits="0"/><line number="64" hits="0"/><line number="67" hits="0"/></lines></class></classes></package><package name="src/routes" line-rate="0.3581395348837209" branch-rate="0" complexity="0"><classes><class name="health" filename="src/routes/health.rs" line-rate="0" branch-rate="0" complexity="0"><methods/><lines><line number="12" hits="0"/><line number="13" hits="0"/><line number="14" hits="0"/><line number="15" hits="0"/><line number="18" hits="0"/><line number="19" hits="0"/></lines></class><class name="systems" filename="src/routes/systems.rs" line-rate="0.3684210526315789" branch-rate="0" complexity="0"><methods/><lines><line number="36" hits="1"/><line number="37" hits="3"/><line number="40" hits="0"/><line number="41" hits="0"/><line number="71" hits="3"/><line number="72" hits="6"/><line number="73" hits="10"/><line number="74" hits="2"/><line number="80" hits="0"/><line number="82" hits="0"/><line number="84" hits="0"/><line number="85" hits="0"/><line number="89" hits="0"/><line number="92" hits="0"/><line number="93" hits="0"/><line number="94" hits="0"/><line number="95" hits="0"/><line number="96" hits="0"/><line number="97" hits="0"/><line number="98" hits="0"/><line number="99" hits="0"/><line number="109" hits="6"/><line number="110" hits="6"/><line number="111" hits="18"/><line number="112" hits="24"/><line number="113" hits="18"/><line number="114" hits="18"/><line number="121" hits="4"/><line number="122" hits="16"/><line number="123" hits="12"/><line number="126" hits="8"/><line number="127" hits="16"/><line number="128" hits="0"/><line number="131" hits="2"/><line number="132" hits="13"/><line number="140" hits="0"/><line number="141" hits="0"/><line number="142" hits="0"/><line number="144" hits="0"/><line number="150" hits="3"/><line number="151" hits="3"/><line number="152" hits="0"/><line number="153" hits="0"/><line number="154" hits="0"/><line number="155" hits="3"/><line number="159" hits="0"/><line number="160" hits="0"/><line number="161" hits="0"/><line number="162" hits="0"/><line number="163" hits="0"/><line number="164" hits="0"/><line number="191" hits="0"/><line number="193" hits="0"/><line number="194" hits="0"/><line number="195" hits="0"/><line number="196" hits="0"/><line number="197" hits="0"/><line number="213" hits="1"/><line number="219" hits="4"/><line number="220" hits="4"/><line number="222" hits="4"/><line number="223" hits="0"/><line number="224" hits="0"/><line number="225" hits="0"/><line number="226" hits="0"/><line number="227" hits="0"/><line number="228" hits="0"/><line number="229" hits="0"/><line number="230" hits="0"/><line number="232" hits="0"/><line number="233" hits="0"/><line number="236" hits="1"/><line number="237" hits="1"/><line number="238" hits="3"/><line number="263" hits="1"/><line number="269" hits="4"/><line number="270" hits="4"/><line number="274" hits="4"/><line number="275" hits="0"/><line number="276" hits="1"/><line number="277" hits="1"/><line number="278" hits="3"/><line number="281" hits="0"/><line number="283" hits="0"/><line number="284" hits="0"/><line number="285" hits="0"/><line number="287" hits="0"/><line number="288" hits="0"/><line number="289" hits="0"/><line number="290" hits="0"/><line number="291" hits="0"/><line number="294" hits="0"/><line number="295" hits="0"/><line number="296" hits="0"/><line number="297" hits="0"/><line number="298" hits="0"/><line number="299" hits="0"/><line number="301" hits="0"/><line number="302" hits="0"/><line number="303" hits="0"/><line number="306" hits="0"/><line number="307" hits="0"/><line number="308" hits="0"/><line number="346" hits="1"/><line number="347" hits="3"/><line number="348" hits="2"/><line number="349" hits="4"/><line number="351" hits="2"/><line number="352" hits="4"/><line number="354" hits="3"/><line number="355" hits="3"/><line number="358" hits="3"/><line number="359" hits="9"/><line number="362" hits="1"/><line number="368" hits="4"/><line number="369" hits="4"/><line number="371" hits="3"/><line number="372" hits="2"/><line number="373" hits="1"/><line number="374" hits="1"/><line number="376" hits="4"/><line number="377" hits="2"/><line number="378" hits="1"/><line number="379" hits="1"/><line number="380" hits="1"/><line number="383" hits="2"/><line number="384" hits="2"/><line number="385" hits="1"/><line number="386" hits="1"/><line number="389" hits="4"/><line number="390" hits="0"/><line number="391" hits="0"/><line number="392" hits="0"/><line number="394" hits="0"/><line number="395" hits="0"/><line number="396" hits="0"/><line number="397" hits="0"/><line number="400" hits="0"/><line number="401" hits="0"/><line number="402" hits="0"/><line number="403" hits="0"/><line number="404" hits="0"/><line number="405" hits="0"/><line number="406" hits="0"/><line number="407" hits="0"/><line number="408" hits="0"/><line number="409" hits="0"/><line number="410" hits="0"/><line number="411" hits="0"/><line number="412" hits="0"/><line number="415" hits="1"/><line number="416" hits="1"/><line number="417" hits="3"/><line number="462" hits="0"/><line number="464" hits="0"/><line number="465" hits="0"/><line number="466" hits="0"/><line number="467" hits="0"/><line number="468" hits="0"/><line number="469" hits="0"/><line number="474" hits="1"/><line number="475" hits="2"/><line number="476" hits="1"/><line number="477" hits="7"/><line number="478" hits="1"/><line number="479" hits="4"/><line number="480" hits="2"/><line number="485" hits="0"/><line number="492" hits="0"/><line number="493" hits="0"/><line number="494" hits="0"/><line number="495" hits="0"/><line number="499" hits="1"/><line number="504" hits="4"/><line number="505" hits="4"/><line number="506" hits="3"/><line number="508" hits="0"/><line number="509" hits="0"/><line number="511" hits="0"/><line number="514" hits="0"/><line number="520" hits="0"/><line number="521" hits="0"/><line number="522" hits="0"/><line number="524" hits="0"/><line number="525" hits="0"/><line number="528" hits="0"/><line number="530" hits="0"/><line number="531" hits="0"/><line number="532" hits="0"/><line number="533" hits="0"/><line number="534" hits="0"/><line number="535" hits="0"/><line number="536" hits="0"/><line number="541" hits="0"/><line number="542" hits="0"/><line number="543" hits="0"/><line number="544" hits="0"/><line number="545" hits="0"/><line number="546" hits="0"/><line number="549" hits="0"/><line number="550" hits="0"/><line number="552" hits="0"/><line number="553" hits="0"/><line number="554" hits="0"/><line number="555" hits="0"/><line number="556" hits="0"/><line number="558" hits="0"/><line number="559" hits="0"/><line number="560" hits="0"/></lines></class></classes></package><package name="" line-rate="0.39233576642335766" branch-rate="0" complexity="0"><classes></classes></package></packages></coverage>